The target system is: Arduino -  - 
The host system is: Linux - 4.12.0-kali1-amd64 - x86_64
Compiling the C compiler identification source file "CMakeCCompilerId.c" succeeded.
Compiler: /opt/arduino/hardware/tools/avr/bin/avr-gcc 
Build flags: 
Id flags:  

The output was:
0


Compilation of the C compiler identification source "CMakeCCompilerId.c" produced "a.out"

The C compiler identification is GNU, found in "/home/blaster/Megamind/CMakeFiles/3.9.0/CompilerIdC/a.out"

Compiling the CXX compiler identification source file "CMakeCXXCompilerId.cpp" succeeded.
Compiler: /opt/arduino/hardware/tools/avr/bin/avr-g++ 
Build flags: 
Id flags:  

The output was:
0


Compilation of the CXX compiler identification source "CMakeCXXCompilerId.cpp" produced "a.out"

The CXX compiler identification is GNU, found in "/home/blaster/Megamind/CMakeFiles/3.9.0/CompilerIdCXX/a.out"

Determining if the C compiler works passed with the following output:
Change Dir: /home/blaster/Megamind/CMakeFiles/CMakeTmp

Run Build Command:"/usr/bin/make" "cmTC_10857/fast"
/usr/bin/make -f CMakeFiles/cmTC_10857.dir/build.make CMakeFiles/cmTC_10857.dir/build
make[1]: Entering directory '/home/blaster/Megamind/CMakeFiles/CMakeTmp'
Building C object CMakeFiles/cmTC_10857.dir/testCCompiler.c.obj
/opt/arduino/hardware/tools/avr/bin/avr-gcc   -g -Os -w -ffunction-sections -fdata-sections -MMD    -o CMakeFiles/cmTC_10857.dir/testCCompiler.c.obj   -c /home/blaster/Megamind/CMakeFiles/CMakeTmp/testCCompiler.c
Linking C executable cmTC_10857
/usr/bin/cmake -E cmake_link_script CMakeFiles/cmTC_10857.dir/link.txt --verbose=1
/opt/arduino/hardware/tools/avr/bin/avr-gcc -g -Os -w -ffunction-sections -fdata-sections -MMD   -w -Os -Wl,--gc-sections  CMakeFiles/cmTC_10857.dir/testCCompiler.c.obj  -o cmTC_10857 
make[1]: Leaving directory '/home/blaster/Megamind/CMakeFiles/CMakeTmp'


Detecting C compiler ABI info compiled with the following output:
Change Dir: /home/blaster/Megamind/CMakeFiles/CMakeTmp

Run Build Command:"/usr/bin/make" "cmTC_e79eb/fast"
/usr/bin/make -f CMakeFiles/cmTC_e79eb.dir/build.make CMakeFiles/cmTC_e79eb.dir/build
make[1]: Entering directory '/home/blaster/Megamind/CMakeFiles/CMakeTmp'
Building C object CMakeFiles/cmTC_e79eb.dir/CMakeCCompilerABI.c.obj
/opt/arduino/hardware/tools/avr/bin/avr-gcc   -g -Os -w -ffunction-sections -fdata-sections -MMD    -o CMakeFiles/cmTC_e79eb.dir/CMakeCCompilerABI.c.obj   -c /usr/share/cmake-3.9/Modules/CMakeCCompilerABI.c
Linking C executable cmTC_e79eb
/usr/bin/cmake -E cmake_link_script CMakeFiles/cmTC_e79eb.dir/link.txt --verbose=1
/opt/arduino/hardware/tools/avr/bin/avr-gcc -g -Os -w -ffunction-sections -fdata-sections -MMD   -w -Os -Wl,--gc-sections -v CMakeFiles/cmTC_e79eb.dir/CMakeCCompilerABI.c.obj  -o cmTC_e79eb 
Using built-in specs.
Reading specs from /opt/arduino/hardware/tools/avr/bin/../lib/gcc/avr/4.9.2/device-specs/specs-avr2
COLLECT_GCC=/opt/arduino/hardware/tools/avr/bin/avr-gcc
COLLECT_LTO_WRAPPER=/opt/arduino/hardware/tools/avr/bin/../libexec/gcc/avr/4.9.2/lto-wrapper
Target: avr
Configured with: ../gcc/configure --enable-fixed-point --enable-languages=c,c++ --prefix=/home/jenkins/workspace/avr-gcc/label/debian7-x86_64/objdir --enable-long-long --disable-nls --disable-checking --disable-libssp --disable-libada --disable-shared --enable-lto --with-avrlibc=yes --with-dwarf2 --disable-doc --target=avr
Thread model: single
gcc version 4.9.2 (GCC) 
COMPILER_PATH=/opt/arduino/hardware/tools/avr/bin/../libexec/gcc/avr/4.9.2/:/opt/arduino/hardware/tools/avr/bin/../libexec/gcc/:/opt/arduino/hardware/tools/avr/bin/../lib/gcc/avr/4.9.2/../../../../avr/bin/
LIBRARY_PATH=/opt/arduino/hardware/tools/avr/bin/../lib/gcc/avr/4.9.2/:/opt/arduino/hardware/tools/avr/bin/../lib/gcc/:/opt/arduino/hardware/tools/avr/bin/../lib/gcc/avr/4.9.2/../../../../avr/lib/
COLLECT_GCC_OPTIONS='-g' '-Os' '-w' '-ffunction-sections' '-fdata-sections' '-MMD' '-w' '-Os' '-v' '-o' 'cmTC_e79eb' '-specs=device-specs/specs-avr2'
 /opt/arduino/hardware/tools/avr/bin/../libexec/gcc/avr/4.9.2/collect2 -plugin /opt/arduino/hardware/tools/avr/bin/../libexec/gcc/avr/4.9.2/liblto_plugin.so -plugin-opt=/opt/arduino/hardware/tools/avr/bin/../libexec/gcc/avr/4.9.2/lto-wrapper -plugin-opt=-fresolution=/tmp/ccHtBvSM.res -plugin-opt=-pass-through=-lgcc -plugin-opt=-pass-through=-lm -plugin-opt=-pass-through=-lc -o cmTC_e79eb -L/opt/arduino/hardware/tools/avr/bin/../lib/gcc/avr/4.9.2 -L/opt/arduino/hardware/tools/avr/bin/../lib/gcc -L/opt/arduino/hardware/tools/avr/bin/../lib/gcc/avr/4.9.2/../../../../avr/lib --gc-sections CMakeFiles/cmTC_e79eb.dir/CMakeCCompilerABI.c.obj --start-group -lgcc -lm -lc --end-group
make[1]: Leaving directory '/home/blaster/Megamind/CMakeFiles/CMakeTmp'


Parsed C implicit link information from above output:
  link line regex: [^( *|.*[/\])(avr-ld|CMAKE_LINK_STARTFILE-NOTFOUND|([^/\]+-)?ld|collect2)[^/\]*( |$)]
  ignore line: [Change Dir: /home/blaster/Megamind/CMakeFiles/CMakeTmp]
  ignore line: []
  ignore line: [Run Build Command:"/usr/bin/make" "cmTC_e79eb/fast"]
  ignore line: [/usr/bin/make -f CMakeFiles/cmTC_e79eb.dir/build.make CMakeFiles/cmTC_e79eb.dir/build]
  ignore line: [make[1]: Entering directory '/home/blaster/Megamind/CMakeFiles/CMakeTmp']
  ignore line: [Building C object CMakeFiles/cmTC_e79eb.dir/CMakeCCompilerABI.c.obj]
  ignore line: [/opt/arduino/hardware/tools/avr/bin/avr-gcc   -g -Os -w -ffunction-sections -fdata-sections -MMD    -o CMakeFiles/cmTC_e79eb.dir/CMakeCCompilerABI.c.obj   -c /usr/share/cmake-3.9/Modules/CMakeCCompilerABI.c]
  ignore line: [Linking C executable cmTC_e79eb]
  ignore line: [/usr/bin/cmake -E cmake_link_script CMakeFiles/cmTC_e79eb.dir/link.txt --verbose=1]
  ignore line: [/opt/arduino/hardware/tools/avr/bin/avr-gcc -g -Os -w -ffunction-sections -fdata-sections -MMD   -w -Os -Wl,--gc-sections -v CMakeFiles/cmTC_e79eb.dir/CMakeCCompilerABI.c.obj  -o cmTC_e79eb ]
  ignore line: [Using built-in specs.]
  ignore line: [Reading specs from /opt/arduino/hardware/tools/avr/bin/../lib/gcc/avr/4.9.2/device-specs/specs-avr2]
  ignore line: [COLLECT_GCC=/opt/arduino/hardware/tools/avr/bin/avr-gcc]
  ignore line: [COLLECT_LTO_WRAPPER=/opt/arduino/hardware/tools/avr/bin/../libexec/gcc/avr/4.9.2/lto-wrapper]
  ignore line: [Target: avr]
  ignore line: [Configured with: ../gcc/configure --enable-fixed-point --enable-languages=c,c++ --prefix=/home/jenkins/workspace/avr-gcc/label/debian7-x86_64/objdir --enable-long-long --disable-nls --disable-checking --disable-libssp --disable-libada --disable-shared --enable-lto --with-avrlibc=yes --with-dwarf2 --disable-doc --target=avr]
  ignore line: [Thread model: single]
  ignore line: [gcc version 4.9.2 (GCC) ]
  ignore line: [COMPILER_PATH=/opt/arduino/hardware/tools/avr/bin/../libexec/gcc/avr/4.9.2/:/opt/arduino/hardware/tools/avr/bin/../libexec/gcc/:/opt/arduino/hardware/tools/avr/bin/../lib/gcc/avr/4.9.2/../../../../avr/bin/]
  ignore line: [LIBRARY_PATH=/opt/arduino/hardware/tools/avr/bin/../lib/gcc/avr/4.9.2/:/opt/arduino/hardware/tools/avr/bin/../lib/gcc/:/opt/arduino/hardware/tools/avr/bin/../lib/gcc/avr/4.9.2/../../../../avr/lib/]
  ignore line: [COLLECT_GCC_OPTIONS='-g' '-Os' '-w' '-ffunction-sections' '-fdata-sections' '-MMD' '-w' '-Os' '-v' '-o' 'cmTC_e79eb' '-specs=device-specs/specs-avr2']
  link line: [ /opt/arduino/hardware/tools/avr/bin/../libexec/gcc/avr/4.9.2/collect2 -plugin /opt/arduino/hardware/tools/avr/bin/../libexec/gcc/avr/4.9.2/liblto_plugin.so -plugin-opt=/opt/arduino/hardware/tools/avr/bin/../libexec/gcc/avr/4.9.2/lto-wrapper -plugin-opt=-fresolution=/tmp/ccHtBvSM.res -plugin-opt=-pass-through=-lgcc -plugin-opt=-pass-through=-lm -plugin-opt=-pass-through=-lc -o cmTC_e79eb -L/opt/arduino/hardware/tools/avr/bin/../lib/gcc/avr/4.9.2 -L/opt/arduino/hardware/tools/avr/bin/../lib/gcc -L/opt/arduino/hardware/tools/avr/bin/../lib/gcc/avr/4.9.2/../../../../avr/lib --gc-sections CMakeFiles/cmTC_e79eb.dir/CMakeCCompilerABI.c.obj --start-group -lgcc -lm -lc --end-group]
    arg [/opt/arduino/hardware/tools/avr/bin/../libexec/gcc/avr/4.9.2/collect2] ==> ignore
    arg [-plugin] ==> ignore
    arg [/opt/arduino/hardware/tools/avr/bin/../libexec/gcc/avr/4.9.2/liblto_plugin.so] ==> ignore
    arg [-plugin-opt=/opt/arduino/hardware/tools/avr/bin/../libexec/gcc/avr/4.9.2/lto-wrapper] ==> ignore
    arg [-plugin-opt=-fresolution=/tmp/ccHtBvSM.res] ==> ignore
    arg [-plugin-opt=-pass-through=-lgcc] ==> ignore
    arg [-plugin-opt=-pass-through=-lm] ==> ignore
    arg [-plugin-opt=-pass-through=-lc] ==> ignore
    arg [-o] ==> ignore
    arg [cmTC_e79eb] ==> ignore
    arg [-L/opt/arduino/hardware/tools/avr/bin/../lib/gcc/avr/4.9.2] ==> dir [/opt/arduino/hardware/tools/avr/bin/../lib/gcc/avr/4.9.2]
    arg [-L/opt/arduino/hardware/tools/avr/bin/../lib/gcc] ==> dir [/opt/arduino/hardware/tools/avr/bin/../lib/gcc]
    arg [-L/opt/arduino/hardware/tools/avr/bin/../lib/gcc/avr/4.9.2/../../../../avr/lib] ==> dir [/opt/arduino/hardware/tools/avr/bin/../lib/gcc/avr/4.9.2/../../../../avr/lib]
    arg [--gc-sections] ==> ignore
    arg [CMakeFiles/cmTC_e79eb.dir/CMakeCCompilerABI.c.obj] ==> ignore
    arg [--start-group] ==> ignore
    arg [-lgcc] ==> lib [gcc]
    arg [-lm] ==> lib [m]
    arg [-lc] ==> lib [c]
    arg [--end-group] ==> ignore
  collapse library dir [/opt/arduino/hardware/tools/avr/bin/../lib/gcc/avr/4.9.2] ==> [/opt/arduino/hardware/tools/avr/lib/gcc/avr/4.9.2]
  collapse library dir [/opt/arduino/hardware/tools/avr/bin/../lib/gcc] ==> [/opt/arduino/hardware/tools/avr/lib/gcc]
  collapse library dir [/opt/arduino/hardware/tools/avr/bin/../lib/gcc/avr/4.9.2/../../../../avr/lib] ==> [/opt/arduino/hardware/tools/avr/avr/lib]
  implicit libs: [gcc;m;c]
  implicit dirs: [/opt/arduino/hardware/tools/avr/lib/gcc/avr/4.9.2;/opt/arduino/hardware/tools/avr/lib/gcc;/opt/arduino/hardware/tools/avr/avr/lib]
  implicit fwks: []




Detecting C [-std=c11] compiler features compiled with the following output:
Change Dir: /home/blaster/Megamind/CMakeFiles/CMakeTmp

Run Build Command:"/usr/bin/make" "cmTC_843f4/fast"
/usr/bin/make -f CMakeFiles/cmTC_843f4.dir/build.make CMakeFiles/cmTC_843f4.dir/build
make[1]: Entering directory '/home/blaster/Megamind/CMakeFiles/CMakeTmp'
Building C object CMakeFiles/cmTC_843f4.dir/feature_tests.c.obj
/opt/arduino/hardware/tools/avr/bin/avr-gcc   -g -Os -w -ffunction-sections -fdata-sections -MMD    -std=c11 -o CMakeFiles/cmTC_843f4.dir/feature_tests.c.obj   -c /home/blaster/Megamind/CMakeFiles/feature_tests.c
Linking C executable cmTC_843f4
/usr/bin/cmake -E cmake_link_script CMakeFiles/cmTC_843f4.dir/link.txt --verbose=1
/opt/arduino/hardware/tools/avr/bin/avr-gcc -g -Os -w -ffunction-sections -fdata-sections -MMD   -w -Os -Wl,--gc-sections  CMakeFiles/cmTC_843f4.dir/feature_tests.c.obj  -o cmTC_843f4 
make[1]: Leaving directory '/home/blaster/Megamind/CMakeFiles/CMakeTmp'




Detecting C [-std=c99] compiler features compiled with the following output:
Change Dir: /home/blaster/Megamind/CMakeFiles/CMakeTmp

Run Build Command:"/usr/bin/make" "cmTC_1b300/fast"
/usr/bin/make -f CMakeFiles/cmTC_1b300.dir/build.make CMakeFiles/cmTC_1b300.dir/build
make[1]: Entering directory '/home/blaster/Megamind/CMakeFiles/CMakeTmp'
Building C object CMakeFiles/cmTC_1b300.dir/feature_tests.c.obj
/opt/arduino/hardware/tools/avr/bin/avr-gcc   -g -Os -w -ffunction-sections -fdata-sections -MMD    -std=c99 -o CMakeFiles/cmTC_1b300.dir/feature_tests.c.obj   -c /home/blaster/Megamind/CMakeFiles/feature_tests.c
Linking C executable cmTC_1b300
/usr/bin/cmake -E cmake_link_script CMakeFiles/cmTC_1b300.dir/link.txt --verbose=1
/opt/arduino/hardware/tools/avr/bin/avr-gcc -g -Os -w -ffunction-sections -fdata-sections -MMD   -w -Os -Wl,--gc-sections  CMakeFiles/cmTC_1b300.dir/feature_tests.c.obj  -o cmTC_1b300 
make[1]: Leaving directory '/home/blaster/Megamind/CMakeFiles/CMakeTmp'




Detecting C [-std=c90] compiler features compiled with the following output:
Change Dir: /home/blaster/Megamind/CMakeFiles/CMakeTmp

Run Build Command:"/usr/bin/make" "cmTC_ec151/fast"
/usr/bin/make -f CMakeFiles/cmTC_ec151.dir/build.make CMakeFiles/cmTC_ec151.dir/build
make[1]: Entering directory '/home/blaster/Megamind/CMakeFiles/CMakeTmp'
Building C object CMakeFiles/cmTC_ec151.dir/feature_tests.c.obj
/opt/arduino/hardware/tools/avr/bin/avr-gcc   -g -Os -w -ffunction-sections -fdata-sections -MMD    -std=c90 -o CMakeFiles/cmTC_ec151.dir/feature_tests.c.obj   -c /home/blaster/Megamind/CMakeFiles/feature_tests.c
Linking C executable cmTC_ec151
/usr/bin/cmake -E cmake_link_script CMakeFiles/cmTC_ec151.dir/link.txt --verbose=1
/opt/arduino/hardware/tools/avr/bin/avr-gcc -g -Os -w -ffunction-sections -fdata-sections -MMD   -w -Os -Wl,--gc-sections  CMakeFiles/cmTC_ec151.dir/feature_tests.c.obj  -o cmTC_ec151 
make[1]: Leaving directory '/home/blaster/Megamind/CMakeFiles/CMakeTmp'


Determining if the CXX compiler works passed with the following output:
Change Dir: /home/blaster/Megamind/CMakeFiles/CMakeTmp

Run Build Command:"/usr/bin/make" "cmTC_30b58/fast"
/usr/bin/make -f CMakeFiles/cmTC_30b58.dir/build.make CMakeFiles/cmTC_30b58.dir/build
make[1]: Entering directory '/home/blaster/Megamind/CMakeFiles/CMakeTmp'
Building CXX object CMakeFiles/cmTC_30b58.dir/testCXXCompiler.cxx.obj
/opt/arduino/hardware/tools/avr/bin/avr-g++    -g -Os -w -fno-exceptions -ffunction-sections -fdata-sections -fno-threadsafe-statics -MMD    -o CMakeFiles/cmTC_30b58.dir/testCXXCompiler.cxx.obj -c /home/blaster/Megamind/CMakeFiles/CMakeTmp/testCXXCompiler.cxx
Linking CXX executable cmTC_30b58
/usr/bin/cmake -E cmake_link_script CMakeFiles/cmTC_30b58.dir/link.txt --verbose=1
/opt/arduino/hardware/tools/avr/bin/avr-g++  -g -Os -w -fno-exceptions -ffunction-sections -fdata-sections -fno-threadsafe-statics -MMD   -w -Os -Wl,--gc-sections  CMakeFiles/cmTC_30b58.dir/testCXXCompiler.cxx.obj  -o cmTC_30b58 
make[1]: Leaving directory '/home/blaster/Megamind/CMakeFiles/CMakeTmp'


Detecting CXX compiler ABI info compiled with the following output:
Change Dir: /home/blaster/Megamind/CMakeFiles/CMakeTmp

Run Build Command:"/usr/bin/make" "cmTC_6230c/fast"
/usr/bin/make -f CMakeFiles/cmTC_6230c.dir/build.make CMakeFiles/cmTC_6230c.dir/build
make[1]: Entering directory '/home/blaster/Megamind/CMakeFiles/CMakeTmp'
Building CXX object CMakeFiles/cmTC_6230c.dir/CMakeCXXCompilerABI.cpp.obj
/opt/arduino/hardware/tools/avr/bin/avr-g++    -g -Os -w -fno-exceptions -ffunction-sections -fdata-sections -fno-threadsafe-statics -MMD    -o CMakeFiles/cmTC_6230c.dir/CMakeCXXCompilerABI.cpp.obj -c /usr/share/cmake-3.9/Modules/CMakeCXXCompilerABI.cpp
Linking CXX executable cmTC_6230c
/usr/bin/cmake -E cmake_link_script CMakeFiles/cmTC_6230c.dir/link.txt --verbose=1
/opt/arduino/hardware/tools/avr/bin/avr-g++  -g -Os -w -fno-exceptions -ffunction-sections -fdata-sections -fno-threadsafe-statics -MMD   -w -Os -Wl,--gc-sections -v CMakeFiles/cmTC_6230c.dir/CMakeCXXCompilerABI.cpp.obj  -o cmTC_6230c 
Using built-in specs.
Reading specs from /opt/arduino/hardware/tools/avr/bin/../lib/gcc/avr/4.9.2/device-specs/specs-avr2
COLLECT_GCC=/opt/arduino/hardware/tools/avr/bin/avr-g++
COLLECT_LTO_WRAPPER=/opt/arduino/hardware/tools/avr/bin/../libexec/gcc/avr/4.9.2/lto-wrapper
Target: avr
Configured with: ../gcc/configure --enable-fixed-point --enable-languages=c,c++ --prefix=/home/jenkins/workspace/avr-gcc/label/debian7-x86_64/objdir --enable-long-long --disable-nls --disable-checking --disable-libssp --disable-libada --disable-shared --enable-lto --with-avrlibc=yes --with-dwarf2 --disable-doc --target=avr
Thread model: single
gcc version 4.9.2 (GCC) 
COMPILER_PATH=/opt/arduino/hardware/tools/avr/bin/../libexec/gcc/avr/4.9.2/:/opt/arduino/hardware/tools/avr/bin/../libexec/gcc/:/opt/arduino/hardware/tools/avr/bin/../lib/gcc/avr/4.9.2/../../../../avr/bin/
LIBRARY_PATH=/opt/arduino/hardware/tools/avr/bin/../lib/gcc/avr/4.9.2/:/opt/arduino/hardware/tools/avr/bin/../lib/gcc/:/opt/arduino/hardware/tools/avr/bin/../lib/gcc/avr/4.9.2/../../../../avr/lib/
COLLECT_GCC_OPTIONS='-g' '-Os' '-w' '-fno-exceptions' '-ffunction-sections' '-fdata-sections' '-fno-threadsafe-statics' '-MMD' '-w' '-Os' '-v' '-o' 'cmTC_6230c' '-specs=device-specs/specs-avr2'
 /opt/arduino/hardware/tools/avr/bin/../libexec/gcc/avr/4.9.2/collect2 -plugin /opt/arduino/hardware/tools/avr/bin/../libexec/gcc/avr/4.9.2/liblto_plugin.so -plugin-opt=/opt/arduino/hardware/tools/avr/bin/../libexec/gcc/avr/4.9.2/lto-wrapper -plugin-opt=-fresolution=/tmp/cchkwbGy.res -plugin-opt=-pass-through=-lgcc -plugin-opt=-pass-through=-lm -plugin-opt=-pass-through=-lc -o cmTC_6230c -L/opt/arduino/hardware/tools/avr/bin/../lib/gcc/avr/4.9.2 -L/opt/arduino/hardware/tools/avr/bin/../lib/gcc -L/opt/arduino/hardware/tools/avr/bin/../lib/gcc/avr/4.9.2/../../../../avr/lib --gc-sections CMakeFiles/cmTC_6230c.dir/CMakeCXXCompilerABI.cpp.obj -lgcc -lm --start-group -lgcc -lm -lc --end-group
make[1]: Leaving directory '/home/blaster/Megamind/CMakeFiles/CMakeTmp'


Parsed CXX implicit link information from above output:
  link line regex: [^( *|.*[/\])(avr-ld|CMAKE_LINK_STARTFILE-NOTFOUND|([^/\]+-)?ld|collect2)[^/\]*( |$)]
  ignore line: [Change Dir: /home/blaster/Megamind/CMakeFiles/CMakeTmp]
  ignore line: []
  ignore line: [Run Build Command:"/usr/bin/make" "cmTC_6230c/fast"]
  ignore line: [/usr/bin/make -f CMakeFiles/cmTC_6230c.dir/build.make CMakeFiles/cmTC_6230c.dir/build]
  ignore line: [make[1]: Entering directory '/home/blaster/Megamind/CMakeFiles/CMakeTmp']
  ignore line: [Building CXX object CMakeFiles/cmTC_6230c.dir/CMakeCXXCompilerABI.cpp.obj]
  ignore line: [/opt/arduino/hardware/tools/avr/bin/avr-g++    -g -Os -w -fno-exceptions -ffunction-sections -fdata-sections -fno-threadsafe-statics -MMD    -o CMakeFiles/cmTC_6230c.dir/CMakeCXXCompilerABI.cpp.obj -c /usr/share/cmake-3.9/Modules/CMakeCXXCompilerABI.cpp]
  ignore line: [Linking CXX executable cmTC_6230c]
  ignore line: [/usr/bin/cmake -E cmake_link_script CMakeFiles/cmTC_6230c.dir/link.txt --verbose=1]
  ignore line: [/opt/arduino/hardware/tools/avr/bin/avr-g++  -g -Os -w -fno-exceptions -ffunction-sections -fdata-sections -fno-threadsafe-statics -MMD   -w -Os -Wl,--gc-sections -v CMakeFiles/cmTC_6230c.dir/CMakeCXXCompilerABI.cpp.obj  -o cmTC_6230c ]
  ignore line: [Using built-in specs.]
  ignore line: [Reading specs from /opt/arduino/hardware/tools/avr/bin/../lib/gcc/avr/4.9.2/device-specs/specs-avr2]
  ignore line: [COLLECT_GCC=/opt/arduino/hardware/tools/avr/bin/avr-g++]
  ignore line: [COLLECT_LTO_WRAPPER=/opt/arduino/hardware/tools/avr/bin/../libexec/gcc/avr/4.9.2/lto-wrapper]
  ignore line: [Target: avr]
  ignore line: [Configured with: ../gcc/configure --enable-fixed-point --enable-languages=c,c++ --prefix=/home/jenkins/workspace/avr-gcc/label/debian7-x86_64/objdir --enable-long-long --disable-nls --disable-checking --disable-libssp --disable-libada --disable-shared --enable-lto --with-avrlibc=yes --with-dwarf2 --disable-doc --target=avr]
  ignore line: [Thread model: single]
  ignore line: [gcc version 4.9.2 (GCC) ]
  ignore line: [COMPILER_PATH=/opt/arduino/hardware/tools/avr/bin/../libexec/gcc/avr/4.9.2/:/opt/arduino/hardware/tools/avr/bin/../libexec/gcc/:/opt/arduino/hardware/tools/avr/bin/../lib/gcc/avr/4.9.2/../../../../avr/bin/]
  ignore line: [LIBRARY_PATH=/opt/arduino/hardware/tools/avr/bin/../lib/gcc/avr/4.9.2/:/opt/arduino/hardware/tools/avr/bin/../lib/gcc/:/opt/arduino/hardware/tools/avr/bin/../lib/gcc/avr/4.9.2/../../../../avr/lib/]
  ignore line: [COLLECT_GCC_OPTIONS='-g' '-Os' '-w' '-fno-exceptions' '-ffunction-sections' '-fdata-sections' '-fno-threadsafe-statics' '-MMD' '-w' '-Os' '-v' '-o' 'cmTC_6230c' '-specs=device-specs/specs-avr2']
  link line: [ /opt/arduino/hardware/tools/avr/bin/../libexec/gcc/avr/4.9.2/collect2 -plugin /opt/arduino/hardware/tools/avr/bin/../libexec/gcc/avr/4.9.2/liblto_plugin.so -plugin-opt=/opt/arduino/hardware/tools/avr/bin/../libexec/gcc/avr/4.9.2/lto-wrapper -plugin-opt=-fresolution=/tmp/cchkwbGy.res -plugin-opt=-pass-through=-lgcc -plugin-opt=-pass-through=-lm -plugin-opt=-pass-through=-lc -o cmTC_6230c -L/opt/arduino/hardware/tools/avr/bin/../lib/gcc/avr/4.9.2 -L/opt/arduino/hardware/tools/avr/bin/../lib/gcc -L/opt/arduino/hardware/tools/avr/bin/../lib/gcc/avr/4.9.2/../../../../avr/lib --gc-sections CMakeFiles/cmTC_6230c.dir/CMakeCXXCompilerABI.cpp.obj -lgcc -lm --start-group -lgcc -lm -lc --end-group]
    arg [/opt/arduino/hardware/tools/avr/bin/../libexec/gcc/avr/4.9.2/collect2] ==> ignore
    arg [-plugin] ==> ignore
    arg [/opt/arduino/hardware/tools/avr/bin/../libexec/gcc/avr/4.9.2/liblto_plugin.so] ==> ignore
    arg [-plugin-opt=/opt/arduino/hardware/tools/avr/bin/../libexec/gcc/avr/4.9.2/lto-wrapper] ==> ignore
    arg [-plugin-opt=-fresolution=/tmp/cchkwbGy.res] ==> ignore
    arg [-plugin-opt=-pass-through=-lgcc] ==> ignore
    arg [-plugin-opt=-pass-through=-lm] ==> ignore
    arg [-plugin-opt=-pass-through=-lc] ==> ignore
    arg [-o] ==> ignore
    arg [cmTC_6230c] ==> ignore
    arg [-L/opt/arduino/hardware/tools/avr/bin/../lib/gcc/avr/4.9.2] ==> dir [/opt/arduino/hardware/tools/avr/bin/../lib/gcc/avr/4.9.2]
    arg [-L/opt/arduino/hardware/tools/avr/bin/../lib/gcc] ==> dir [/opt/arduino/hardware/tools/avr/bin/../lib/gcc]
    arg [-L/opt/arduino/hardware/tools/avr/bin/../lib/gcc/avr/4.9.2/../../../../avr/lib] ==> dir [/opt/arduino/hardware/tools/avr/bin/../lib/gcc/avr/4.9.2/../../../../avr/lib]
    arg [--gc-sections] ==> ignore
    arg [CMakeFiles/cmTC_6230c.dir/CMakeCXXCompilerABI.cpp.obj] ==> ignore
    arg [-lgcc] ==> lib [gcc]
    arg [-lm] ==> lib [m]
    arg [--start-group] ==> ignore
    arg [-lgcc] ==> lib [gcc]
    arg [-lm] ==> lib [m]
    arg [-lc] ==> lib [c]
    arg [--end-group] ==> ignore
  collapse library dir [/opt/arduino/hardware/tools/avr/bin/../lib/gcc/avr/4.9.2] ==> [/opt/arduino/hardware/tools/avr/lib/gcc/avr/4.9.2]
  collapse library dir [/opt/arduino/hardware/tools/avr/bin/../lib/gcc] ==> [/opt/arduino/hardware/tools/avr/lib/gcc]
  collapse library dir [/opt/arduino/hardware/tools/avr/bin/../lib/gcc/avr/4.9.2/../../../../avr/lib] ==> [/opt/arduino/hardware/tools/avr/avr/lib]
  implicit libs: [gcc;m;gcc;m;c]
  implicit dirs: [/opt/arduino/hardware/tools/avr/lib/gcc/avr/4.9.2;/opt/arduino/hardware/tools/avr/lib/gcc;/opt/arduino/hardware/tools/avr/avr/lib]
  implicit fwks: []




Detecting CXX [-std=c++14] compiler features compiled with the following output:
Change Dir: /home/blaster/Megamind/CMakeFiles/CMakeTmp

Run Build Command:"/usr/bin/make" "cmTC_04bd0/fast"
/usr/bin/make -f CMakeFiles/cmTC_04bd0.dir/build.make CMakeFiles/cmTC_04bd0.dir/build
make[1]: Entering directory '/home/blaster/Megamind/CMakeFiles/CMakeTmp'
Building CXX object CMakeFiles/cmTC_04bd0.dir/feature_tests.cxx.obj
/opt/arduino/hardware/tools/avr/bin/avr-g++    -g -Os -w -fno-exceptions -ffunction-sections -fdata-sections -fno-threadsafe-statics -MMD    -std=c++14 -o CMakeFiles/cmTC_04bd0.dir/feature_tests.cxx.obj -c /home/blaster/Megamind/CMakeFiles/feature_tests.cxx
Linking CXX executable cmTC_04bd0
/usr/bin/cmake -E cmake_link_script CMakeFiles/cmTC_04bd0.dir/link.txt --verbose=1
/opt/arduino/hardware/tools/avr/bin/avr-g++  -g -Os -w -fno-exceptions -ffunction-sections -fdata-sections -fno-threadsafe-statics -MMD   -w -Os -Wl,--gc-sections  CMakeFiles/cmTC_04bd0.dir/feature_tests.cxx.obj  -o cmTC_04bd0 
make[1]: Leaving directory '/home/blaster/Megamind/CMakeFiles/CMakeTmp'




Detecting CXX [-std=c++11] compiler features compiled with the following output:
Change Dir: /home/blaster/Megamind/CMakeFiles/CMakeTmp

Run Build Command:"/usr/bin/make" "cmTC_fdb0a/fast"
/usr/bin/make -f CMakeFiles/cmTC_fdb0a.dir/build.make CMakeFiles/cmTC_fdb0a.dir/build
make[1]: Entering directory '/home/blaster/Megamind/CMakeFiles/CMakeTmp'
Building CXX object CMakeFiles/cmTC_fdb0a.dir/feature_tests.cxx.obj
/opt/arduino/hardware/tools/avr/bin/avr-g++    -g -Os -w -fno-exceptions -ffunction-sections -fdata-sections -fno-threadsafe-statics -MMD    -std=c++11 -o CMakeFiles/cmTC_fdb0a.dir/feature_tests.cxx.obj -c /home/blaster/Megamind/CMakeFiles/feature_tests.cxx
Linking CXX executable cmTC_fdb0a
/usr/bin/cmake -E cmake_link_script CMakeFiles/cmTC_fdb0a.dir/link.txt --verbose=1
/opt/arduino/hardware/tools/avr/bin/avr-g++  -g -Os -w -fno-exceptions -ffunction-sections -fdata-sections -fno-threadsafe-statics -MMD   -w -Os -Wl,--gc-sections  CMakeFiles/cmTC_fdb0a.dir/feature_tests.cxx.obj  -o cmTC_fdb0a 
make[1]: Leaving directory '/home/blaster/Megamind/CMakeFiles/CMakeTmp'




Detecting CXX [-std=c++98] compiler features compiled with the following output:
Change Dir: /home/blaster/Megamind/CMakeFiles/CMakeTmp

Run Build Command:"/usr/bin/make" "cmTC_d6b32/fast"
/usr/bin/make -f CMakeFiles/cmTC_d6b32.dir/build.make CMakeFiles/cmTC_d6b32.dir/build
make[1]: Entering directory '/home/blaster/Megamind/CMakeFiles/CMakeTmp'
Building CXX object CMakeFiles/cmTC_d6b32.dir/feature_tests.cxx.obj
/opt/arduino/hardware/tools/avr/bin/avr-g++    -g -Os -w -fno-exceptions -ffunction-sections -fdata-sections -fno-threadsafe-statics -MMD    -std=c++98 -o CMakeFiles/cmTC_d6b32.dir/feature_tests.cxx.obj -c /home/blaster/Megamind/CMakeFiles/feature_tests.cxx
Linking CXX executable cmTC_d6b32
/usr/bin/cmake -E cmake_link_script CMakeFiles/cmTC_d6b32.dir/link.txt --verbose=1
/opt/arduino/hardware/tools/avr/bin/avr-g++  -g -Os -w -fno-exceptions -ffunction-sections -fdata-sections -fno-threadsafe-statics -MMD   -w -Os -Wl,--gc-sections  CMakeFiles/cmTC_d6b32.dir/feature_tests.cxx.obj  -o cmTC_d6b32 
make[1]: Leaving directory '/home/blaster/Megamind/CMakeFiles/CMakeTmp'


The target system is: Arduino -  - 
The host system is: Linux - 4.12.0-kali1-amd64 - x86_64
Compiling the C compiler identification source file "CMakeCCompilerId.c" succeeded.
Compiler: /opt/arduino/hardware/tools/avr/bin/avr-gcc 
Build flags: 
Id flags:  

The output was:
0


Compilation of the C compiler identification source "CMakeCCompilerId.c" produced "a.out"

The C compiler identification is GNU, found in "/home/blaster/Megamind/CMakeFiles/3.9.0/CompilerIdC/a.out"

Compiling the CXX compiler identification source file "CMakeCXXCompilerId.cpp" succeeded.
Compiler: /opt/arduino/hardware/tools/avr/bin/avr-g++ 
Build flags: 
Id flags:  

The output was:
0


Compilation of the CXX compiler identification source "CMakeCXXCompilerId.cpp" produced "a.out"

The CXX compiler identification is GNU, found in "/home/blaster/Megamind/CMakeFiles/3.9.0/CompilerIdCXX/a.out"

Determining if the C compiler works passed with the following output:
Change Dir: /home/blaster/Megamind/CMakeFiles/CMakeTmp

Run Build Command:"/usr/bin/make" "cmTC_b6e0c/fast"
/usr/bin/make -f CMakeFiles/cmTC_b6e0c.dir/build.make CMakeFiles/cmTC_b6e0c.dir/build
make[1]: Entering directory '/home/blaster/Megamind/CMakeFiles/CMakeTmp'
Building C object CMakeFiles/cmTC_b6e0c.dir/testCCompiler.c.obj
/opt/arduino/hardware/tools/avr/bin/avr-gcc   -g -Os -w -ffunction-sections -fdata-sections -MMD    -o CMakeFiles/cmTC_b6e0c.dir/testCCompiler.c.obj   -c /home/blaster/Megamind/CMakeFiles/CMakeTmp/testCCompiler.c
Linking C executable cmTC_b6e0c
/usr/bin/cmake -E cmake_link_script CMakeFiles/cmTC_b6e0c.dir/link.txt --verbose=1
/opt/arduino/hardware/tools/avr/bin/avr-gcc -g -Os -w -ffunction-sections -fdata-sections -MMD   -w -Os -Wl,--gc-sections  CMakeFiles/cmTC_b6e0c.dir/testCCompiler.c.obj  -o cmTC_b6e0c 
make[1]: Leaving directory '/home/blaster/Megamind/CMakeFiles/CMakeTmp'


Detecting C compiler ABI info compiled with the following output:
Change Dir: /home/blaster/Megamind/CMakeFiles/CMakeTmp

Run Build Command:"/usr/bin/make" "cmTC_b6909/fast"
/usr/bin/make -f CMakeFiles/cmTC_b6909.dir/build.make CMakeFiles/cmTC_b6909.dir/build
make[1]: Entering directory '/home/blaster/Megamind/CMakeFiles/CMakeTmp'
Building C object CMakeFiles/cmTC_b6909.dir/CMakeCCompilerABI.c.obj
/opt/arduino/hardware/tools/avr/bin/avr-gcc   -g -Os -w -ffunction-sections -fdata-sections -MMD    -o CMakeFiles/cmTC_b6909.dir/CMakeCCompilerABI.c.obj   -c /usr/share/cmake-3.9/Modules/CMakeCCompilerABI.c
Linking C executable cmTC_b6909
/usr/bin/cmake -E cmake_link_script CMakeFiles/cmTC_b6909.dir/link.txt --verbose=1
/opt/arduino/hardware/tools/avr/bin/avr-gcc -g -Os -w -ffunction-sections -fdata-sections -MMD   -w -Os -Wl,--gc-sections -v CMakeFiles/cmTC_b6909.dir/CMakeCCompilerABI.c.obj  -o cmTC_b6909 
Using built-in specs.
Reading specs from /opt/arduino/hardware/tools/avr/bin/../lib/gcc/avr/4.9.2/device-specs/specs-avr2
COLLECT_GCC=/opt/arduino/hardware/tools/avr/bin/avr-gcc
COLLECT_LTO_WRAPPER=/opt/arduino/hardware/tools/avr/bin/../libexec/gcc/avr/4.9.2/lto-wrapper
Target: avr
Configured with: ../gcc/configure --enable-fixed-point --enable-languages=c,c++ --prefix=/home/jenkins/workspace/avr-gcc/label/debian7-x86_64/objdir --enable-long-long --disable-nls --disable-checking --disable-libssp --disable-libada --disable-shared --enable-lto --with-avrlibc=yes --with-dwarf2 --disable-doc --target=avr
Thread model: single
gcc version 4.9.2 (GCC) 
COMPILER_PATH=/opt/arduino/hardware/tools/avr/bin/../libexec/gcc/avr/4.9.2/:/opt/arduino/hardware/tools/avr/bin/../libexec/gcc/:/opt/arduino/hardware/tools/avr/bin/../lib/gcc/avr/4.9.2/../../../../avr/bin/
LIBRARY_PATH=/opt/arduino/hardware/tools/avr/bin/../lib/gcc/avr/4.9.2/:/opt/arduino/hardware/tools/avr/bin/../lib/gcc/:/opt/arduino/hardware/tools/avr/bin/../lib/gcc/avr/4.9.2/../../../../avr/lib/
COLLECT_GCC_OPTIONS='-g' '-Os' '-w' '-ffunction-sections' '-fdata-sections' '-MMD' '-w' '-Os' '-v' '-o' 'cmTC_b6909' '-specs=device-specs/specs-avr2'
 /opt/arduino/hardware/tools/avr/bin/../libexec/gcc/avr/4.9.2/collect2 -plugin /opt/arduino/hardware/tools/avr/bin/../libexec/gcc/avr/4.9.2/liblto_plugin.so -plugin-opt=/opt/arduino/hardware/tools/avr/bin/../libexec/gcc/avr/4.9.2/lto-wrapper -plugin-opt=-fresolution=/tmp/ccPRfRWl.res -plugin-opt=-pass-through=-lgcc -plugin-opt=-pass-through=-lm -plugin-opt=-pass-through=-lc -o cmTC_b6909 -L/opt/arduino/hardware/tools/avr/bin/../lib/gcc/avr/4.9.2 -L/opt/arduino/hardware/tools/avr/bin/../lib/gcc -L/opt/arduino/hardware/tools/avr/bin/../lib/gcc/avr/4.9.2/../../../../avr/lib --gc-sections CMakeFiles/cmTC_b6909.dir/CMakeCCompilerABI.c.obj --start-group -lgcc -lm -lc --end-group
make[1]: Leaving directory '/home/blaster/Megamind/CMakeFiles/CMakeTmp'


Parsed C implicit link information from above output:
  link line regex: [^( *|.*[/\])(avr-ld|CMAKE_LINK_STARTFILE-NOTFOUND|([^/\]+-)?ld|collect2)[^/\]*( |$)]
  ignore line: [Change Dir: /home/blaster/Megamind/CMakeFiles/CMakeTmp]
  ignore line: []
  ignore line: [Run Build Command:"/usr/bin/make" "cmTC_b6909/fast"]
  ignore line: [/usr/bin/make -f CMakeFiles/cmTC_b6909.dir/build.make CMakeFiles/cmTC_b6909.dir/build]
  ignore line: [make[1]: Entering directory '/home/blaster/Megamind/CMakeFiles/CMakeTmp']
  ignore line: [Building C object CMakeFiles/cmTC_b6909.dir/CMakeCCompilerABI.c.obj]
  ignore line: [/opt/arduino/hardware/tools/avr/bin/avr-gcc   -g -Os -w -ffunction-sections -fdata-sections -MMD    -o CMakeFiles/cmTC_b6909.dir/CMakeCCompilerABI.c.obj   -c /usr/share/cmake-3.9/Modules/CMakeCCompilerABI.c]
  ignore line: [Linking C executable cmTC_b6909]
  ignore line: [/usr/bin/cmake -E cmake_link_script CMakeFiles/cmTC_b6909.dir/link.txt --verbose=1]
  ignore line: [/opt/arduino/hardware/tools/avr/bin/avr-gcc -g -Os -w -ffunction-sections -fdata-sections -MMD   -w -Os -Wl,--gc-sections -v CMakeFiles/cmTC_b6909.dir/CMakeCCompilerABI.c.obj  -o cmTC_b6909 ]
  ignore line: [Using built-in specs.]
  ignore line: [Reading specs from /opt/arduino/hardware/tools/avr/bin/../lib/gcc/avr/4.9.2/device-specs/specs-avr2]
  ignore line: [COLLECT_GCC=/opt/arduino/hardware/tools/avr/bin/avr-gcc]
  ignore line: [COLLECT_LTO_WRAPPER=/opt/arduino/hardware/tools/avr/bin/../libexec/gcc/avr/4.9.2/lto-wrapper]
  ignore line: [Target: avr]
  ignore line: [Configured with: ../gcc/configure --enable-fixed-point --enable-languages=c,c++ --prefix=/home/jenkins/workspace/avr-gcc/label/debian7-x86_64/objdir --enable-long-long --disable-nls --disable-checking --disable-libssp --disable-libada --disable-shared --enable-lto --with-avrlibc=yes --with-dwarf2 --disable-doc --target=avr]
  ignore line: [Thread model: single]
  ignore line: [gcc version 4.9.2 (GCC) ]
  ignore line: [COMPILER_PATH=/opt/arduino/hardware/tools/avr/bin/../libexec/gcc/avr/4.9.2/:/opt/arduino/hardware/tools/avr/bin/../libexec/gcc/:/opt/arduino/hardware/tools/avr/bin/../lib/gcc/avr/4.9.2/../../../../avr/bin/]
  ignore line: [LIBRARY_PATH=/opt/arduino/hardware/tools/avr/bin/../lib/gcc/avr/4.9.2/:/opt/arduino/hardware/tools/avr/bin/../lib/gcc/:/opt/arduino/hardware/tools/avr/bin/../lib/gcc/avr/4.9.2/../../../../avr/lib/]
  ignore line: [COLLECT_GCC_OPTIONS='-g' '-Os' '-w' '-ffunction-sections' '-fdata-sections' '-MMD' '-w' '-Os' '-v' '-o' 'cmTC_b6909' '-specs=device-specs/specs-avr2']
  link line: [ /opt/arduino/hardware/tools/avr/bin/../libexec/gcc/avr/4.9.2/collect2 -plugin /opt/arduino/hardware/tools/avr/bin/../libexec/gcc/avr/4.9.2/liblto_plugin.so -plugin-opt=/opt/arduino/hardware/tools/avr/bin/../libexec/gcc/avr/4.9.2/lto-wrapper -plugin-opt=-fresolution=/tmp/ccPRfRWl.res -plugin-opt=-pass-through=-lgcc -plugin-opt=-pass-through=-lm -plugin-opt=-pass-through=-lc -o cmTC_b6909 -L/opt/arduino/hardware/tools/avr/bin/../lib/gcc/avr/4.9.2 -L/opt/arduino/hardware/tools/avr/bin/../lib/gcc -L/opt/arduino/hardware/tools/avr/bin/../lib/gcc/avr/4.9.2/../../../../avr/lib --gc-sections CMakeFiles/cmTC_b6909.dir/CMakeCCompilerABI.c.obj --start-group -lgcc -lm -lc --end-group]
    arg [/opt/arduino/hardware/tools/avr/bin/../libexec/gcc/avr/4.9.2/collect2] ==> ignore
    arg [-plugin] ==> ignore
    arg [/opt/arduino/hardware/tools/avr/bin/../libexec/gcc/avr/4.9.2/liblto_plugin.so] ==> ignore
    arg [-plugin-opt=/opt/arduino/hardware/tools/avr/bin/../libexec/gcc/avr/4.9.2/lto-wrapper] ==> ignore
    arg [-plugin-opt=-fresolution=/tmp/ccPRfRWl.res] ==> ignore
    arg [-plugin-opt=-pass-through=-lgcc] ==> ignore
    arg [-plugin-opt=-pass-through=-lm] ==> ignore
    arg [-plugin-opt=-pass-through=-lc] ==> ignore
    arg [-o] ==> ignore
    arg [cmTC_b6909] ==> ignore
    arg [-L/opt/arduino/hardware/tools/avr/bin/../lib/gcc/avr/4.9.2] ==> dir [/opt/arduino/hardware/tools/avr/bin/../lib/gcc/avr/4.9.2]
    arg [-L/opt/arduino/hardware/tools/avr/bin/../lib/gcc] ==> dir [/opt/arduino/hardware/tools/avr/bin/../lib/gcc]
    arg [-L/opt/arduino/hardware/tools/avr/bin/../lib/gcc/avr/4.9.2/../../../../avr/lib] ==> dir [/opt/arduino/hardware/tools/avr/bin/../lib/gcc/avr/4.9.2/../../../../avr/lib]
    arg [--gc-sections] ==> ignore
    arg [CMakeFiles/cmTC_b6909.dir/CMakeCCompilerABI.c.obj] ==> ignore
    arg [--start-group] ==> ignore
    arg [-lgcc] ==> lib [gcc]
    arg [-lm] ==> lib [m]
    arg [-lc] ==> lib [c]
    arg [--end-group] ==> ignore
  collapse library dir [/opt/arduino/hardware/tools/avr/bin/../lib/gcc/avr/4.9.2] ==> [/opt/arduino/hardware/tools/avr/lib/gcc/avr/4.9.2]
  collapse library dir [/opt/arduino/hardware/tools/avr/bin/../lib/gcc] ==> [/opt/arduino/hardware/tools/avr/lib/gcc]
  collapse library dir [/opt/arduino/hardware/tools/avr/bin/../lib/gcc/avr/4.9.2/../../../../avr/lib] ==> [/opt/arduino/hardware/tools/avr/avr/lib]
  implicit libs: [gcc;m;c]
  implicit dirs: [/opt/arduino/hardware/tools/avr/lib/gcc/avr/4.9.2;/opt/arduino/hardware/tools/avr/lib/gcc;/opt/arduino/hardware/tools/avr/avr/lib]
  implicit fwks: []




Detecting C [-std=c11] compiler features compiled with the following output:
Change Dir: /home/blaster/Megamind/CMakeFiles/CMakeTmp

Run Build Command:"/usr/bin/make" "cmTC_4634f/fast"
/usr/bin/make -f CMakeFiles/cmTC_4634f.dir/build.make CMakeFiles/cmTC_4634f.dir/build
make[1]: Entering directory '/home/blaster/Megamind/CMakeFiles/CMakeTmp'
Building C object CMakeFiles/cmTC_4634f.dir/feature_tests.c.obj
/opt/arduino/hardware/tools/avr/bin/avr-gcc   -g -Os -w -ffunction-sections -fdata-sections -MMD    -std=c11 -o CMakeFiles/cmTC_4634f.dir/feature_tests.c.obj   -c /home/blaster/Megamind/CMakeFiles/feature_tests.c
Linking C executable cmTC_4634f
/usr/bin/cmake -E cmake_link_script CMakeFiles/cmTC_4634f.dir/link.txt --verbose=1
/opt/arduino/hardware/tools/avr/bin/avr-gcc -g -Os -w -ffunction-sections -fdata-sections -MMD   -w -Os -Wl,--gc-sections  CMakeFiles/cmTC_4634f.dir/feature_tests.c.obj  -o cmTC_4634f 
make[1]: Leaving directory '/home/blaster/Megamind/CMakeFiles/CMakeTmp'




Detecting C [-std=c99] compiler features compiled with the following output:
Change Dir: /home/blaster/Megamind/CMakeFiles/CMakeTmp

Run Build Command:"/usr/bin/make" "cmTC_26912/fast"
/usr/bin/make -f CMakeFiles/cmTC_26912.dir/build.make CMakeFiles/cmTC_26912.dir/build
make[1]: Entering directory '/home/blaster/Megamind/CMakeFiles/CMakeTmp'
Building C object CMakeFiles/cmTC_26912.dir/feature_tests.c.obj
/opt/arduino/hardware/tools/avr/bin/avr-gcc   -g -Os -w -ffunction-sections -fdata-sections -MMD    -std=c99 -o CMakeFiles/cmTC_26912.dir/feature_tests.c.obj   -c /home/blaster/Megamind/CMakeFiles/feature_tests.c
Linking C executable cmTC_26912
/usr/bin/cmake -E cmake_link_script CMakeFiles/cmTC_26912.dir/link.txt --verbose=1
/opt/arduino/hardware/tools/avr/bin/avr-gcc -g -Os -w -ffunction-sections -fdata-sections -MMD   -w -Os -Wl,--gc-sections  CMakeFiles/cmTC_26912.dir/feature_tests.c.obj  -o cmTC_26912 
make[1]: Leaving directory '/home/blaster/Megamind/CMakeFiles/CMakeTmp'




Detecting C [-std=c90] compiler features compiled with the following output:
Change Dir: /home/blaster/Megamind/CMakeFiles/CMakeTmp

Run Build Command:"/usr/bin/make" "cmTC_2fd23/fast"
/usr/bin/make -f CMakeFiles/cmTC_2fd23.dir/build.make CMakeFiles/cmTC_2fd23.dir/build
make[1]: Entering directory '/home/blaster/Megamind/CMakeFiles/CMakeTmp'
Building C object CMakeFiles/cmTC_2fd23.dir/feature_tests.c.obj
/opt/arduino/hardware/tools/avr/bin/avr-gcc   -g -Os -w -ffunction-sections -fdata-sections -MMD    -std=c90 -o CMakeFiles/cmTC_2fd23.dir/feature_tests.c.obj   -c /home/blaster/Megamind/CMakeFiles/feature_tests.c
Linking C executable cmTC_2fd23
/usr/bin/cmake -E cmake_link_script CMakeFiles/cmTC_2fd23.dir/link.txt --verbose=1
/opt/arduino/hardware/tools/avr/bin/avr-gcc -g -Os -w -ffunction-sections -fdata-sections -MMD   -w -Os -Wl,--gc-sections  CMakeFiles/cmTC_2fd23.dir/feature_tests.c.obj  -o cmTC_2fd23 
make[1]: Leaving directory '/home/blaster/Megamind/CMakeFiles/CMakeTmp'


Determining if the CXX compiler works passed with the following output:
Change Dir: /home/blaster/Megamind/CMakeFiles/CMakeTmp

Run Build Command:"/usr/bin/make" "cmTC_b6a75/fast"
/usr/bin/make -f CMakeFiles/cmTC_b6a75.dir/build.make CMakeFiles/cmTC_b6a75.dir/build
make[1]: Entering directory '/home/blaster/Megamind/CMakeFiles/CMakeTmp'
Building CXX object CMakeFiles/cmTC_b6a75.dir/testCXXCompiler.cxx.obj
/opt/arduino/hardware/tools/avr/bin/avr-g++    -g -Os -w -fno-exceptions -ffunction-sections -fdata-sections -fno-threadsafe-statics -MMD    -o CMakeFiles/cmTC_b6a75.dir/testCXXCompiler.cxx.obj -c /home/blaster/Megamind/CMakeFiles/CMakeTmp/testCXXCompiler.cxx
Linking CXX executable cmTC_b6a75
/usr/bin/cmake -E cmake_link_script CMakeFiles/cmTC_b6a75.dir/link.txt --verbose=1
/opt/arduino/hardware/tools/avr/bin/avr-g++  -g -Os -w -fno-exceptions -ffunction-sections -fdata-sections -fno-threadsafe-statics -MMD   -w -Os -Wl,--gc-sections  CMakeFiles/cmTC_b6a75.dir/testCXXCompiler.cxx.obj  -o cmTC_b6a75 
make[1]: Leaving directory '/home/blaster/Megamind/CMakeFiles/CMakeTmp'


Detecting CXX compiler ABI info compiled with the following output:
Change Dir: /home/blaster/Megamind/CMakeFiles/CMakeTmp

Run Build Command:"/usr/bin/make" "cmTC_26a35/fast"
/usr/bin/make -f CMakeFiles/cmTC_26a35.dir/build.make CMakeFiles/cmTC_26a35.dir/build
make[1]: Entering directory '/home/blaster/Megamind/CMakeFiles/CMakeTmp'
Building CXX object CMakeFiles/cmTC_26a35.dir/CMakeCXXCompilerABI.cpp.obj
/opt/arduino/hardware/tools/avr/bin/avr-g++    -g -Os -w -fno-exceptions -ffunction-sections -fdata-sections -fno-threadsafe-statics -MMD    -o CMakeFiles/cmTC_26a35.dir/CMakeCXXCompilerABI.cpp.obj -c /usr/share/cmake-3.9/Modules/CMakeCXXCompilerABI.cpp
Linking CXX executable cmTC_26a35
/usr/bin/cmake -E cmake_link_script CMakeFiles/cmTC_26a35.dir/link.txt --verbose=1
/opt/arduino/hardware/tools/avr/bin/avr-g++  -g -Os -w -fno-exceptions -ffunction-sections -fdata-sections -fno-threadsafe-statics -MMD   -w -Os -Wl,--gc-sections -v CMakeFiles/cmTC_26a35.dir/CMakeCXXCompilerABI.cpp.obj  -o cmTC_26a35 
Using built-in specs.
Reading specs from /opt/arduino/hardware/tools/avr/bin/../lib/gcc/avr/4.9.2/device-specs/specs-avr2
COLLECT_GCC=/opt/arduino/hardware/tools/avr/bin/avr-g++
COLLECT_LTO_WRAPPER=/opt/arduino/hardware/tools/avr/bin/../libexec/gcc/avr/4.9.2/lto-wrapper
Target: avr
Configured with: ../gcc/configure --enable-fixed-point --enable-languages=c,c++ --prefix=/home/jenkins/workspace/avr-gcc/label/debian7-x86_64/objdir --enable-long-long --disable-nls --disable-checking --disable-libssp --disable-libada --disable-shared --enable-lto --with-avrlibc=yes --with-dwarf2 --disable-doc --target=avr
Thread model: single
gcc version 4.9.2 (GCC) 
COMPILER_PATH=/opt/arduino/hardware/tools/avr/bin/../libexec/gcc/avr/4.9.2/:/opt/arduino/hardware/tools/avr/bin/../libexec/gcc/:/opt/arduino/hardware/tools/avr/bin/../lib/gcc/avr/4.9.2/../../../../avr/bin/
LIBRARY_PATH=/opt/arduino/hardware/tools/avr/bin/../lib/gcc/avr/4.9.2/:/opt/arduino/hardware/tools/avr/bin/../lib/gcc/:/opt/arduino/hardware/tools/avr/bin/../lib/gcc/avr/4.9.2/../../../../avr/lib/
COLLECT_GCC_OPTIONS='-g' '-Os' '-w' '-fno-exceptions' '-ffunction-sections' '-fdata-sections' '-fno-threadsafe-statics' '-MMD' '-w' '-Os' '-v' '-o' 'cmTC_26a35' '-specs=device-specs/specs-avr2'
 /opt/arduino/hardware/tools/avr/bin/../libexec/gcc/avr/4.9.2/collect2 -plugin /opt/arduino/hardware/tools/avr/bin/../libexec/gcc/avr/4.9.2/liblto_plugin.so -plugin-opt=/opt/arduino/hardware/tools/avr/bin/../libexec/gcc/avr/4.9.2/lto-wrapper -plugin-opt=-fresolution=/tmp/ccx9vaX0.res -plugin-opt=-pass-through=-lgcc -plugin-opt=-pass-through=-lm -plugin-opt=-pass-through=-lc -o cmTC_26a35 -L/opt/arduino/hardware/tools/avr/bin/../lib/gcc/avr/4.9.2 -L/opt/arduino/hardware/tools/avr/bin/../lib/gcc -L/opt/arduino/hardware/tools/avr/bin/../lib/gcc/avr/4.9.2/../../../../avr/lib --gc-sections CMakeFiles/cmTC_26a35.dir/CMakeCXXCompilerABI.cpp.obj -lgcc -lm --start-group -lgcc -lm -lc --end-group
make[1]: Leaving directory '/home/blaster/Megamind/CMakeFiles/CMakeTmp'


Parsed CXX implicit link information from above output:
  link line regex: [^( *|.*[/\])(avr-ld|CMAKE_LINK_STARTFILE-NOTFOUND|([^/\]+-)?ld|collect2)[^/\]*( |$)]
  ignore line: [Change Dir: /home/blaster/Megamind/CMakeFiles/CMakeTmp]
  ignore line: []
  ignore line: [Run Build Command:"/usr/bin/make" "cmTC_26a35/fast"]
  ignore line: [/usr/bin/make -f CMakeFiles/cmTC_26a35.dir/build.make CMakeFiles/cmTC_26a35.dir/build]
  ignore line: [make[1]: Entering directory '/home/blaster/Megamind/CMakeFiles/CMakeTmp']
  ignore line: [Building CXX object CMakeFiles/cmTC_26a35.dir/CMakeCXXCompilerABI.cpp.obj]
  ignore line: [/opt/arduino/hardware/tools/avr/bin/avr-g++    -g -Os -w -fno-exceptions -ffunction-sections -fdata-sections -fno-threadsafe-statics -MMD    -o CMakeFiles/cmTC_26a35.dir/CMakeCXXCompilerABI.cpp.obj -c /usr/share/cmake-3.9/Modules/CMakeCXXCompilerABI.cpp]
  ignore line: [Linking CXX executable cmTC_26a35]
  ignore line: [/usr/bin/cmake -E cmake_link_script CMakeFiles/cmTC_26a35.dir/link.txt --verbose=1]
  ignore line: [/opt/arduino/hardware/tools/avr/bin/avr-g++  -g -Os -w -fno-exceptions -ffunction-sections -fdata-sections -fno-threadsafe-statics -MMD   -w -Os -Wl,--gc-sections -v CMakeFiles/cmTC_26a35.dir/CMakeCXXCompilerABI.cpp.obj  -o cmTC_26a35 ]
  ignore line: [Using built-in specs.]
  ignore line: [Reading specs from /opt/arduino/hardware/tools/avr/bin/../lib/gcc/avr/4.9.2/device-specs/specs-avr2]
  ignore line: [COLLECT_GCC=/opt/arduino/hardware/tools/avr/bin/avr-g++]
  ignore line: [COLLECT_LTO_WRAPPER=/opt/arduino/hardware/tools/avr/bin/../libexec/gcc/avr/4.9.2/lto-wrapper]
  ignore line: [Target: avr]
  ignore line: [Configured with: ../gcc/configure --enable-fixed-point --enable-languages=c,c++ --prefix=/home/jenkins/workspace/avr-gcc/label/debian7-x86_64/objdir --enable-long-long --disable-nls --disable-checking --disable-libssp --disable-libada --disable-shared --enable-lto --with-avrlibc=yes --with-dwarf2 --disable-doc --target=avr]
  ignore line: [Thread model: single]
  ignore line: [gcc version 4.9.2 (GCC) ]
  ignore line: [COMPILER_PATH=/opt/arduino/hardware/tools/avr/bin/../libexec/gcc/avr/4.9.2/:/opt/arduino/hardware/tools/avr/bin/../libexec/gcc/:/opt/arduino/hardware/tools/avr/bin/../lib/gcc/avr/4.9.2/../../../../avr/bin/]
  ignore line: [LIBRARY_PATH=/opt/arduino/hardware/tools/avr/bin/../lib/gcc/avr/4.9.2/:/opt/arduino/hardware/tools/avr/bin/../lib/gcc/:/opt/arduino/hardware/tools/avr/bin/../lib/gcc/avr/4.9.2/../../../../avr/lib/]
  ignore line: [COLLECT_GCC_OPTIONS='-g' '-Os' '-w' '-fno-exceptions' '-ffunction-sections' '-fdata-sections' '-fno-threadsafe-statics' '-MMD' '-w' '-Os' '-v' '-o' 'cmTC_26a35' '-specs=device-specs/specs-avr2']
  link line: [ /opt/arduino/hardware/tools/avr/bin/../libexec/gcc/avr/4.9.2/collect2 -plugin /opt/arduino/hardware/tools/avr/bin/../libexec/gcc/avr/4.9.2/liblto_plugin.so -plugin-opt=/opt/arduino/hardware/tools/avr/bin/../libexec/gcc/avr/4.9.2/lto-wrapper -plugin-opt=-fresolution=/tmp/ccx9vaX0.res -plugin-opt=-pass-through=-lgcc -plugin-opt=-pass-through=-lm -plugin-opt=-pass-through=-lc -o cmTC_26a35 -L/opt/arduino/hardware/tools/avr/bin/../lib/gcc/avr/4.9.2 -L/opt/arduino/hardware/tools/avr/bin/../lib/gcc -L/opt/arduino/hardware/tools/avr/bin/../lib/gcc/avr/4.9.2/../../../../avr/lib --gc-sections CMakeFiles/cmTC_26a35.dir/CMakeCXXCompilerABI.cpp.obj -lgcc -lm --start-group -lgcc -lm -lc --end-group]
    arg [/opt/arduino/hardware/tools/avr/bin/../libexec/gcc/avr/4.9.2/collect2] ==> ignore
    arg [-plugin] ==> ignore
    arg [/opt/arduino/hardware/tools/avr/bin/../libexec/gcc/avr/4.9.2/liblto_plugin.so] ==> ignore
    arg [-plugin-opt=/opt/arduino/hardware/tools/avr/bin/../libexec/gcc/avr/4.9.2/lto-wrapper] ==> ignore
    arg [-plugin-opt=-fresolution=/tmp/ccx9vaX0.res] ==> ignore
    arg [-plugin-opt=-pass-through=-lgcc] ==> ignore
    arg [-plugin-opt=-pass-through=-lm] ==> ignore
    arg [-plugin-opt=-pass-through=-lc] ==> ignore
    arg [-o] ==> ignore
    arg [cmTC_26a35] ==> ignore
    arg [-L/opt/arduino/hardware/tools/avr/bin/../lib/gcc/avr/4.9.2] ==> dir [/opt/arduino/hardware/tools/avr/bin/../lib/gcc/avr/4.9.2]
    arg [-L/opt/arduino/hardware/tools/avr/bin/../lib/gcc] ==> dir [/opt/arduino/hardware/tools/avr/bin/../lib/gcc]
    arg [-L/opt/arduino/hardware/tools/avr/bin/../lib/gcc/avr/4.9.2/../../../../avr/lib] ==> dir [/opt/arduino/hardware/tools/avr/bin/../lib/gcc/avr/4.9.2/../../../../avr/lib]
    arg [--gc-sections] ==> ignore
    arg [CMakeFiles/cmTC_26a35.dir/CMakeCXXCompilerABI.cpp.obj] ==> ignore
    arg [-lgcc] ==> lib [gcc]
    arg [-lm] ==> lib [m]
    arg [--start-group] ==> ignore
    arg [-lgcc] ==> lib [gcc]
    arg [-lm] ==> lib [m]
    arg [-lc] ==> lib [c]
    arg [--end-group] ==> ignore
  collapse library dir [/opt/arduino/hardware/tools/avr/bin/../lib/gcc/avr/4.9.2] ==> [/opt/arduino/hardware/tools/avr/lib/gcc/avr/4.9.2]
  collapse library dir [/opt/arduino/hardware/tools/avr/bin/../lib/gcc] ==> [/opt/arduino/hardware/tools/avr/lib/gcc]
  collapse library dir [/opt/arduino/hardware/tools/avr/bin/../lib/gcc/avr/4.9.2/../../../../avr/lib] ==> [/opt/arduino/hardware/tools/avr/avr/lib]
  implicit libs: [gcc;m;gcc;m;c]
  implicit dirs: [/opt/arduino/hardware/tools/avr/lib/gcc/avr/4.9.2;/opt/arduino/hardware/tools/avr/lib/gcc;/opt/arduino/hardware/tools/avr/avr/lib]
  implicit fwks: []




Detecting CXX [-std=c++14] compiler features compiled with the following output:
Change Dir: /home/blaster/Megamind/CMakeFiles/CMakeTmp

Run Build Command:"/usr/bin/make" "cmTC_59de1/fast"
/usr/bin/make -f CMakeFiles/cmTC_59de1.dir/build.make CMakeFiles/cmTC_59de1.dir/build
make[1]: Entering directory '/home/blaster/Megamind/CMakeFiles/CMakeTmp'
Building CXX object CMakeFiles/cmTC_59de1.dir/feature_tests.cxx.obj
/opt/arduino/hardware/tools/avr/bin/avr-g++    -g -Os -w -fno-exceptions -ffunction-sections -fdata-sections -fno-threadsafe-statics -MMD    -std=c++14 -o CMakeFiles/cmTC_59de1.dir/feature_tests.cxx.obj -c /home/blaster/Megamind/CMakeFiles/feature_tests.cxx
Linking CXX executable cmTC_59de1
/usr/bin/cmake -E cmake_link_script CMakeFiles/cmTC_59de1.dir/link.txt --verbose=1
/opt/arduino/hardware/tools/avr/bin/avr-g++  -g -Os -w -fno-exceptions -ffunction-sections -fdata-sections -fno-threadsafe-statics -MMD   -w -Os -Wl,--gc-sections  CMakeFiles/cmTC_59de1.dir/feature_tests.cxx.obj  -o cmTC_59de1 
make[1]: Leaving directory '/home/blaster/Megamind/CMakeFiles/CMakeTmp'




Detecting CXX [-std=c++11] compiler features compiled with the following output:
Change Dir: /home/blaster/Megamind/CMakeFiles/CMakeTmp

Run Build Command:"/usr/bin/make" "cmTC_5a4c3/fast"
/usr/bin/make -f CMakeFiles/cmTC_5a4c3.dir/build.make CMakeFiles/cmTC_5a4c3.dir/build
make[1]: Entering directory '/home/blaster/Megamind/CMakeFiles/CMakeTmp'
Building CXX object CMakeFiles/cmTC_5a4c3.dir/feature_tests.cxx.obj
/opt/arduino/hardware/tools/avr/bin/avr-g++    -g -Os -w -fno-exceptions -ffunction-sections -fdata-sections -fno-threadsafe-statics -MMD    -std=c++11 -o CMakeFiles/cmTC_5a4c3.dir/feature_tests.cxx.obj -c /home/blaster/Megamind/CMakeFiles/feature_tests.cxx
Linking CXX executable cmTC_5a4c3
/usr/bin/cmake -E cmake_link_script CMakeFiles/cmTC_5a4c3.dir/link.txt --verbose=1
/opt/arduino/hardware/tools/avr/bin/avr-g++  -g -Os -w -fno-exceptions -ffunction-sections -fdata-sections -fno-threadsafe-statics -MMD   -w -Os -Wl,--gc-sections  CMakeFiles/cmTC_5a4c3.dir/feature_tests.cxx.obj  -o cmTC_5a4c3 
make[1]: Leaving directory '/home/blaster/Megamind/CMakeFiles/CMakeTmp'




Detecting CXX [-std=c++98] compiler features compiled with the following output:
Change Dir: /home/blaster/Megamind/CMakeFiles/CMakeTmp

Run Build Command:"/usr/bin/make" "cmTC_217ae/fast"
/usr/bin/make -f CMakeFiles/cmTC_217ae.dir/build.make CMakeFiles/cmTC_217ae.dir/build
make[1]: Entering directory '/home/blaster/Megamind/CMakeFiles/CMakeTmp'
Building CXX object CMakeFiles/cmTC_217ae.dir/feature_tests.cxx.obj
/opt/arduino/hardware/tools/avr/bin/avr-g++    -g -Os -w -fno-exceptions -ffunction-sections -fdata-sections -fno-threadsafe-statics -MMD    -std=c++98 -o CMakeFiles/cmTC_217ae.dir/feature_tests.cxx.obj -c /home/blaster/Megamind/CMakeFiles/feature_tests.cxx
Linking CXX executable cmTC_217ae
/usr/bin/cmake -E cmake_link_script CMakeFiles/cmTC_217ae.dir/link.txt --verbose=1
/opt/arduino/hardware/tools/avr/bin/avr-g++  -g -Os -w -fno-exceptions -ffunction-sections -fdata-sections -fno-threadsafe-statics -MMD   -w -Os -Wl,--gc-sections  CMakeFiles/cmTC_217ae.dir/feature_tests.cxx.obj  -o cmTC_217ae 
make[1]: Leaving directory '/home/blaster/Megamind/CMakeFiles/CMakeTmp'


